[    0.000000] Initializing cgroup subsys cpuset
[    0.000000] Initializing cgroup subsys cpu
[    0.000000] Initializing cgroup subsys cpuacct
[    0.000000] Linux version 4.4.0-119-generic (buildd@lcy01-amd64-013) (gcc version 5.4.0 20160609 (Ubuntu 5.4.0-6ubuntu1~16.04.9) ) #143-Ubuntu SMP Mon Apr 2 16:08:24 UTC 2018 (Ubuntu 4.4.0-119.143-generic 4.4.114)
[    0.000000] Command line: BOOT_IMAGE=/boot/vmlinuz-4.4.0-119-generic root=LABEL=cloudimg-rootfs ro console=tty1 console=ttyS0
[    0.000000] KERNEL supported cpus:
[    0.000000]   Intel GenuineIntel
[    0.000000]   AMD AuthenticAMD
[    0.000000]   Centaur CentaurHauls
[    0.000000] ------------[ cut here ]------------
[    0.000000] WARNING: CPU: 0 PID: 0 at /build/linux-4WcAio/linux-4.4.0/arch/x86/kernel/fpu/xstate.c:517 fpu__init_system_xstate+0x38b/0x75a()
[    0.000000] XSAVE consistency problem, dumping leaves
[    0.000000] Modules linked in:
[    0.000000] CPU: 0 PID: 0 Comm: swapper Not tainted 4.4.0-119-generic #143-Ubuntu
[    0.000000]  0000000000000086 4d3943bd5e40923b ffffffff81e03d80 ffffffff81400443
[    0.000000]  ffffffff81e03dc8 ffffffff81cabf10 ffffffff81e03db8 ffffffff81083032
[    0.000000]  ffffffff81e03e48 ffffffff81e03e4c 0000000000000008 0000000000000100
[    0.000000] Call Trace:
[    0.000000]  [<ffffffff81400443>] dump_stack+0x63/0x90
[    0.000000]  [<ffffffff81083032>] warn_slowpath_common+0x82/0xc0
[    0.000000]  [<ffffffff810830cc>] warn_slowpath_fmt+0x5c/0x80
[    0.000000]  [<ffffffff8107ec76>] ? xfeature_size+0x59/0x77
[    0.000000]  [<ffffffff81f73345>] fpu__init_system_xstate+0x38b/0x75a
[    0.000000]  [<ffffffff81f63120>] ? early_idt_handler_array+0x120/0x120
[    0.000000]  [<ffffffff81f72cb0>] fpu__init_system+0x10d/0x245
[    0.000000]  [<ffffffff81f73e7f>] early_cpu_init+0x178/0x17d
[    0.000000]  [<ffffffff81f73e7f>] ? early_cpu_init+0x178/0x17d
[    0.000000]  [<ffffffff81f6f208>] setup_arch+0xb4/0xd2b
[    0.000000]  [<ffffffff81f63120>] ? early_idt_handler_array+0x120/0x120
[    0.000000]  [<ffffffff81f63c7d>] start_kernel+0xe4/0x4b0
[    0.000000]  [<ffffffff81f63120>] ? early_idt_handler_array+0x120/0x120
[    0.000000]  [<ffffffff81f63339>] x86_64_start_reservations+0x2a/0x2c
[    0.000000]  [<ffffffff81f63485>] x86_64_start_kernel+0x14a/0x16d
[    0.000000] ---[ end trace 4d5ff9f2f68c4233 ]---
[    0.000000] CPUID[0d, 00]: eax=00000007 ebx=00000440 ecx=00000440 edx=00000000
[    0.000000] CPUID[0d, 01]: eax=00000000 ebx=000003c0 ecx=00000000 edx=00000000
[    0.000000] CPUID[0d, 02]: eax=00000100 ebx=00000240 ecx=00000000 edx=00000000
[    0.000000] CPUID[0d, 03]: eax=00000000 ebx=00000000 ecx=00000000 edx=00000000
[    0.000000] CPUID[0d, 04]: eax=00000000 ebx=00000000 ecx=00000000 edx=00000000
[    0.000000] CPUID[0d, 05]: eax=00000000 ebx=00000000 ecx=00000000 edx=00000000
[    0.000000] CPUID[0d, 06]: eax=00000000 ebx=00000000 ecx=00000000 edx=00000000
[    0.000000] CPUID[0d, 07]: eax=00000000 ebx=00000000 ecx=00000000 edx=00000000
[    0.000000] CPUID[0d, 08]: eax=00000000 ebx=00000000 ecx=00000000 edx=00000000
[    0.000000] CPUID[0d, 09]: eax=00000000 ebx=00000000 ecx=00000000 edx=00000000
[    0.000000] CPUID[0d, 0a]: eax=00000000 ebx=00000000 ecx=00000000 edx=00000000
[    0.000000] CPUID[0d, 0b]: eax=00000000 ebx=00000000 ecx=00000000 edx=00000000
[    0.000000] CPUID[0d, 0c]: eax=00000000 ebx=00000000 ecx=00000000 edx=00000000
[    0.000000] CPUID[0d, 0d]: eax=00000000 ebx=00000000 ecx=00000000 edx=00000000
[    0.000000] CPUID[0d, 0e]: eax=00000000 ebx=00000000 ecx=00000000 edx=00000000
[    0.000000] CPUID[0d, 0f]: eax=00000000 ebx=00000000 ecx=00000000 edx=00000000
[    0.000000] CPUID[0d, 10]: eax=00000000 ebx=00000000 ecx=00000000 edx=00000000
[    0.000000] CPUID[0d, 11]: eax=00000000 ebx=00000000 ecx=00000000 edx=00000000
[    0.000000] x86/fpu: xstate_offset[2]:  576, xstate_sizes[2]:  256
[    0.000000] x86/fpu: Supporting XSAVE feature 0x01: 'x87 floating point registers'
[    0.000000] x86/fpu: Supporting XSAVE feature 0x02: 'SSE registers'
[    0.000000] x86/fpu: Supporting XSAVE feature 0x04: 'AVX registers'
[    0.000000] x86/fpu: Enabled xstate features 0x7, context size is 1088 bytes, using 'standard' format.
[    0.000000] x86/fpu: Using 'lazy' FPU context switches.
[    0.000000] e820: BIOS-provided physical RAM map:
[    0.000000] BIOS-e820: [mem 0x0000000000000000-0x000000000009fbff] usable
[    0.000000] BIOS-e820: [mem 0x000000000009fc00-0x000000000009ffff] reserved
[    0.000000] BIOS-e820: [mem 0x00000000000f0000-0x00000000000fffff] reserved
[    0.000000] BIOS-e820: [mem 0x0000000000100000-0x000000003ffeffff] usable
[    0.000000] BIOS-e820: [mem 0x000000003fff0000-0x000000003fffffff] ACPI data
[    0.000000] BIOS-e820: [mem 0x00000000fec00000-0x00000000fec00fff] reserved
[    0.000000] BIOS-e820: [mem 0x00000000fee00000-0x00000000fee00fff] reserved
[    0.000000] BIOS-e820: [mem 0x00000000fffc0000-0x00000000ffffffff] reserved
[    0.000000] NX (Execute Disable) protection: active
[    0.000000] SMBIOS 2.5 present.
[    0.000000] Hypervisor detected: KVM
[    0.000000] e820: last_pfn = 0x3fff0 max_arch_pfn = 0x400000000
[    0.000000] MTRR: Disabled
[    0.000000] x86/PAT: MTRRs disabled, skipping PAT initialization too.
[    0.000000] CPU MTRRs all blank - virtualized system.
[    0.000000] x86/PAT: Configuration [0-7]: WB  WT  UC- UC  WB  WT  UC- UC  
[    0.000000] found SMP MP-table at [mem 0x0009fff0-0x0009ffff] mapped at [ffff88000009fff0]
[    0.000000] Scanning 1 areas for low memory corruption
[    0.000000] RAMDISK: [mem 0x36aa6000-0x3754afff]
[    0.000000] ACPI: Early table checksum verification disabled
[    0.000000] ACPI: RSDP 0x00000000000E0000 000024 (v02 VBOX  )
[    0.000000] ACPI: XSDT 0x000000003FFF0030 00003C (v01 VBOX   VBOXXSDT 00000001 ASL  00000061)
[    0.000000] ACPI: FACP 0x000000003FFF00F0 0000F4 (v04 VBOX   VBOXFACP 00000001 ASL  00000061)
[    0.000000] ACPI: DSDT 0x000000003FFF0470 0021C8 (v02 VBOX   VBOXBIOS 00000002 INTL 20100528)
[    0.000000] ACPI: FACS 0x000000003FFF0200 000040
[    0.000000] ACPI: FACS 0x000000003FFF0200 000040
[    0.000000] ACPI: APIC 0x000000003FFF0240 00005C (v02 VBOX   VBOXAPIC 00000001 ASL  00000061)
[    0.000000] ACPI: SSDT 0x000000003FFF02A0 0001CC (v01 VBOX   VBOXCPUT 00000002 INTL 20100528)
[    0.000000] No NUMA configuration found
[    0.000000] Faking a node at [mem 0x0000000000000000-0x000000003ffeffff]
[    0.000000] NODE_DATA(0) allocated [mem 0x3ffeb000-0x3ffeffff]
[    0.000000] kvm-clock: Using msrs 4b564d01 and 4b564d00
[    0.000000] kvm-clock: cpu 0, msr 0:3ffe3001, primary cpu clock
[    0.000000] kvm-clock: using sched offset of 3971364036 cycles
[    0.000000] clocksource: kvm-clock: mask: 0xffffffffffffffff max_cycles: 0x1cd42e4dffb, max_idle_ns: 881590591483 ns
[    0.000000] Zone ranges:
[    0.000000]   DMA      [mem 0x0000000000001000-0x0000000000ffffff]
[    0.000000]   DMA32    [mem 0x0000000001000000-0x000000003ffeffff]
[    0.000000]   Normal   empty
[    0.000000]   Device   empty
[    0.000000] Movable zone start for each node
[    0.000000] Early memory node ranges
[    0.000000]   node   0: [mem 0x0000000000001000-0x000000000009efff]
[    0.000000]   node   0: [mem 0x0000000000100000-0x000000003ffeffff]
[    0.000000] Initmem setup node 0 [mem 0x0000000000001000-0x000000003ffeffff]
[    0.000000] ACPI: PM-Timer IO Port: 0x4008
[    0.000000] IOAPIC[0]: apic_id 2, version 32, address 0xfec00000, GSI 0-23
[    0.000000] ACPI: INT_SRC_OVR (bus 0 bus_irq 0 global_irq 2 dfl dfl)
[    0.000000] ACPI: INT_SRC_OVR (bus 0 bus_irq 9 global_irq 9 high level)
[    0.000000] Using ACPI (MADT) for SMP configuration information
[    0.000000] smpboot: Allowing 2 CPUs, 0 hotplug CPUs
[    0.000000] PM: Registered nosave memory: [mem 0x00000000-0x00000fff]
[    0.000000] PM: Registered nosave memory: [mem 0x0009f000-0x0009ffff]
[    0.000000] PM: Registered nosave memory: [mem 0x000a0000-0x000effff]
[    0.000000] PM: Registered nosave memory: [mem 0x000f0000-0x000fffff]
[    0.000000] e820: [mem 0x40000000-0xfebfffff] available for PCI devices
[    0.000000] Booting paravirtualized kernel on KVM
[    0.000000] clocksource: refined-jiffies: mask: 0xffffffff max_cycles: 0xffffffff, max_idle_ns: 7645519600211568 ns
[    0.000000] setup_percpu: NR_CPUS:512 nr_cpumask_bits:512 nr_cpu_ids:2 nr_node_ids:1
[    0.000000] PERCPU: Embedded 34 pages/cpu @ffff88003fc00000 s99544 r8192 d31528 u1048576
[    0.000000] PV qspinlock hash table entries: 256 (order: 0, 4096 bytes)
[    0.000000] Built 1 zonelists in Node order, mobility grouping on.  Total pages: 257912
[    0.000000] Policy zone: DMA32
[    0.000000] Kernel command line: BOOT_IMAGE=/boot/vmlinuz-4.4.0-119-generic root=LABEL=cloudimg-rootfs ro console=tty1 console=ttyS0
[    0.000000] PID hash table entries: 4096 (order: 3, 32768 bytes)
[    0.000000] Memory: 1001624K/1048120K available (8532K kernel code, 1313K rwdata, 3996K rodata, 1508K init, 1316K bss, 46496K reserved, 0K cma-reserved)
[    0.000000] SLUB: HWalign=64, Order=0-3, MinObjects=0, CPUs=2, Nodes=1
[    0.000000] Kernel/User page tables isolation: enabled
[    0.000000] Hierarchical RCU implementation.
[    0.000000] 	Build-time adjustment of leaf fanout to 64.
[    0.000000] 	RCU restricting CPUs from NR_CPUS=512 to nr_cpu_ids=2.
[    0.000000] RCU: Adjusting geometry for rcu_fanout_leaf=64, nr_cpu_ids=2
[    0.000000] NR_IRQS:33024 nr_irqs:440 16
[    0.000000] Console: colour VGA+ 80x25
[    0.000000] console [tty1] enabled
[    0.000000] console [ttyS0] enabled
[    0.000000] tsc: Detected 2712.000 MHz processor
[    8.162498] Calibrating delay loop (skipped) preset value.. 5424.00 BogoMIPS (lpj=10848000)
[    8.200078] pid_max: default: 32768 minimum: 301
[    8.233524] ACPI: Core revision 20150930
[    8.278206] ACPI: 2 ACPI AML tables successfully acquired and loaded
[    8.361453] Security Framework initialized
[    8.390275] Yama: becoming mindful.
[    8.456665] AppArmor: AppArmor initialized
[    8.473788] Dentry cache hash table entries: 131072 (order: 8, 1048576 bytes)
[    8.505749] Inode-cache hash table entries: 65536 (order: 7, 524288 bytes)
[    8.531408] Mount-cache hash table entries: 2048 (order: 2, 16384 bytes)
[    8.565965] Mountpoint-cache hash table entries: 2048 (order: 2, 16384 bytes)
[    8.674854] Initializing cgroup subsys io
[    8.713592] Initializing cgroup subsys memory
[    8.821300] Initializing cgroup subsys devices
[    8.917737] Initializing cgroup subsys freezer
[    9.025203] Initializing cgroup subsys net_cls
[    9.071110] Initializing cgroup subsys perf_event
[    9.164999] Initializing cgroup subsys net_prio
[    9.220961] Initializing cgroup subsys hugetlb
[    9.260722] Initializing cgroup subsys pids
[    9.359888] CPU: Physical Processor ID: 0
[    9.383880] CPU: Processor Core ID: 0
[    9.478050] FEATURE SPEC_CTRL Not Present
[    9.506775] mce: CPU supports 0 MCE banks
[    9.538122] Last level iTLB entries: 4KB 64, 2MB 8, 4MB 8
[    9.635657] Last level dTLB entries: 4KB 64, 2MB 0, 4MB 0, 1GB 4
[    9.658655] Spectre V2 mitigation: Mitigation: Full generic retpoline
[    9.701559] Spectre V2 mitigation: Speculation control IBPB not-supported IBRS not-supported
[    9.827299] Spectre V2 mitigation: Filling RSB on context switch
[    9.911426] Freeing SMP alternatives memory: 32K
[    9.986880] ftrace: allocating 32195 entries in 126 pages
[   10.081825] smpboot: APIC(0) Converting physical 0 to logical package 0
[   10.089984] smpboot: Max logical packages: 1
[   10.098581] x2apic enabled
[   10.120127] Switched APIC routing to physical x2apic.
[   10.122889] ..TIMER: vector=0x30 apic1=0 pin1=2 apic2=-1 pin2=-1
[   10.268602] smpboot: CPU0: Intel(R) Core(TM) i5-7200U CPU @ 2.50GHz (family: 0x6, model: 0x8e, stepping: 0x9)
[   10.311174] Performance Events: unsupported p6 CPU model 142 no PMU driver, software events only.
[   10.313134] KVM setup paravirtual spinlock
[   10.371877] x86: Booting SMP configuration:
[   10.379309] .... node  #0, CPUs:      #1
[   10.395707] kvm-clock: cpu 1, msr 0:3ffe3041, secondary cpu clock
[   10.439686] mce: CPU supports 0 MCE banks
[   10.443417] x86: Booted up 1 node, 2 CPUs
[   10.476770] smpboot: Total of 2 processors activated (10848.00 BogoMIPS)
[   10.483793] devtmpfs: initialized
[   10.515086] evm: security.selinux
[   10.521951] evm: security.SMACK64
[   10.526190] evm: security.SMACK64EXEC
[   10.526873] evm: security.SMACK64TRANSMUTE
[   10.617809] evm: security.SMACK64MMAP
[   10.705006] evm: security.ima
[   10.749879] evm: security.capability
[   10.822875] clocksource: jiffies: mask: 0xffffffff max_cycles: 0xffffffff, max_idle_ns: 7645041785100000 ns
[   10.944812] futex hash table entries: 512 (order: 3, 32768 bytes)
[   11.037782] pinctrl core: initialized pinctrl subsystem
[   11.062842] RTC time:  6:10:28, date: 04/15/18
[   11.091097] NET: Registered protocol family 16
[   11.114762] cpuidle: using governor ladder
[   11.151483] cpuidle: using governor menu
[   11.208838] PCCT header not found.
[   11.223001] ACPI: bus type PCI registered
[   11.228591] acpiphp: ACPI Hot Plug PCI Controller Driver version: 0.5
[   11.233006] PCI: Using configuration type 1 for base access
[   11.319700] ACPI: Added _OSI(Module Device)
[   11.333717] ACPI: Added _OSI(Processor Device)
[   11.390953] ACPI: Added _OSI(3.0 _SCP Extensions)
[   11.438405] ACPI: Added _OSI(Processor Aggregator Device)
[   11.500889] ACPI: Executed 1 blocks of module-level executable AML code
[   11.551561] ACPI: Interpreter enabled
[   11.589787] ACPI: (supports S0 S5)
[   11.622428] ACPI: Using IOAPIC for interrupt routing
[   11.699937] PCI: Using host bridge windows from ACPI; if necessary, use "pci=nocrs" and report a bug
[   11.767041] ACPI: PCI Root Bridge [PCI0] (domain 0000 [bus 00-ff])
[   11.804135] acpi PNP0A03:00: _OSC: OS supports [ASPM ClockPM Segments MSI]
[   11.828788] acpi PNP0A03:00: _OSC failed (AE_NOT_FOUND); disabling ASPM
[   11.860935] acpi PNP0A03:00: fail to add MMCONFIG information, can't access extended PCI configuration space under this bridge.
[   11.896867] PCI host bridge to bus 0000:00
[   11.916561] pci_bus 0000:00: root bus resource [io  0x0000-0x0cf7 window]
[   11.925552] pci_bus 0000:00: root bus resource [io  0x0d00-0xffff window]
[   12.036334] pci_bus 0000:00: root bus resource [mem 0x000a0000-0x000bffff window]
[   12.037692] pci_bus 0000:00: root bus resource [mem 0x40000000-0xffdfffff window]
[   12.121009] pci_bus 0000:00: root bus resource [bus 00-ff]
[   12.141308] pci 0000:00:01.1: legacy IDE quirk: reg 0x10: [io  0x01f0-0x01f7]
[   12.196869] pci 0000:00:01.1: legacy IDE quirk: reg 0x14: [io  0x03f6]
[   12.198308] pci 0000:00:01.1: legacy IDE quirk: reg 0x18: [io  0x0170-0x0177]
[   12.222720] pci 0000:00:01.1: legacy IDE quirk: reg 0x1c: [io  0x0376]
[   12.268082] pci 0000:00:07.0: quirk: [io  0x4000-0x403f] claimed by PIIX4 ACPI
[   12.336796] pci 0000:00:07.0: quirk: [io  0x4100-0x410f] claimed by PIIX4 SMB
[   12.404313] ACPI: PCI Interrupt Link [LNKA] (IRQs 5 9 10 *11)
[   12.442925] ACPI: PCI Interrupt Link [LNKB] (IRQs 5 9 10 *11)
[   12.466969] ACPI: PCI Interrupt Link [LNKC] (IRQs 5 9 *10 11)
[   12.508519] ACPI: PCI Interrupt Link [LNKD] (IRQs 5 *9 10 11)
[   12.516870] ACPI: Enabled 2 GPEs in block 00 to 07
[   12.527106] vgaarb: setting as boot device: PCI:0000:00:02.0
[   12.541049] vgaarb: device added: PCI:0000:00:02.0,decodes=io+mem,owns=io+mem,locks=none
[   12.556484] vgaarb: loaded
[   12.562047] vgaarb: bridge control possible 0000:00:02.0
[   12.597335] SCSI subsystem initialized
[   12.598455] ACPI: bus type USB registered
[   12.611456] usbcore: registered new interface driver usbfs
[   12.699723] usbcore: registered new interface driver hub
[   12.709741] usbcore: registered new device driver usb
[   12.717563] PCI: Using ACPI for IRQ routing
[   12.727888] NetLabel: Initializing
[   12.728813] NetLabel:  domain hash size = 128
[   12.735851] NetLabel:  protocols = UNLABELED CIPSOv4
[   12.740008] NetLabel:  unlabeled traffic allowed by default
[   12.743201] amd_nb: Cannot enumerate AMD northbridges
[   12.748889] clocksource: Switched to clocksource kvm-clock
[   12.758465] AppArmor: AppArmor Filesystem Enabled
[   12.768501] pnp: PnP ACPI init
[   12.838665] pnp: PnP ACPI: found 3 devices
[   12.860004] clocksource: acpi_pm: mask: 0xffffff max_cycles: 0xffffff, max_idle_ns: 2085701024 ns
[   12.925668] NET: Registered protocol family 2
[   12.931485] TCP established hash table entries: 8192 (order: 4, 65536 bytes)
[   12.934246] TCP bind hash table entries: 8192 (order: 5, 131072 bytes)
[   12.939919] TCP: Hash tables configured (established 8192 bind 8192)
[   12.945021] UDP hash table entries: 512 (order: 2, 16384 bytes)
[   12.960489] UDP-Lite hash table entries: 512 (order: 2, 16384 bytes)
[   12.963727] NET: Registered protocol family 1
[   12.966347] pci 0000:00:00.0: Limiting direct PCI/PCI transfers
[   12.969531] pci 0000:00:01.0: Activating ISA DMA hang workarounds
[   12.972589] Unpacking initramfs...
[   14.830044] Freeing initrd memory: 10900K
[   14.903263] platform rtc_cmos: registered platform RTC device (no PNP device found)
[   14.924491] Scanning for low memory corruption every 60 seconds
[   14.939543] audit: initializing netlink subsys (disabled)
[   15.036231] audit: type=2000 audit(1523772625.262:1): initialized
[   15.122837] Initialise system trusted keyring
[   15.128246] HugeTLB registered 2 MB page size, pre-allocated 0 pages
[   15.150418] zbud: loaded
[   15.153244] VFS: Disk quotas dquot_6.6.0
[   15.157950] VFS: Dquot-cache hash table entries: 512 (order 0, 4096 bytes)
[   15.159274] squashfs: version 4.0 (2009/01/31) Phillip Lougher
[   15.160516] fuse init (API version 7.23)
[   15.171686] Key type big_key registered
[   15.172451] Allocating IMA MOK and blacklist keyrings.
[   15.267679] Key type asymmetric registered
[   15.292930] Asymmetric key parser 'x509' registered
[   15.345923] Block layer SCSI generic (bsg) driver version 0.4 loaded (major 249)
[   15.383097] io scheduler noop registered
[   15.428769] io scheduler deadline registered (default)
[   15.434514] io scheduler cfq registered
[   15.437659] pci_hotplug: PCI Hot Plug PCI Core version: 0.5
[   15.465309] pciehp: PCI Express Hot Plug Controller Driver version: 0.4
[   15.528078] ACPI: AC Adapter [AC] (on-line)
[   15.574564] input: Power Button as /devices/LNXSYSTM:00/LNXPWRBN:00/input/input0
[   15.616653] ACPI: Power Button [PWRF]
[   15.681610] input: Sleep Button as /devices/LNXSYSTM:00/LNXSLPBN:00/input/input1
[   15.834356] ACPI: Sleep Button [SLPF]
[   15.897806] GHES: HEST is not enabled!
[   15.898451] ACPI: Battery Slot [BAT0] (battery present)
[   15.912885] tsc: Refined TSC clocksource calibration: 2711.835 MHz
[   16.003722] clocksource: tsc: mask: 0xffffffffffffffff max_cycles: 0x2716ea9d76a, max_idle_ns: 440795223762 ns
[   16.009717] Serial: 8250/16550 driver, 32 ports, IRQ sharing enabled
[   16.187729] 00:02: ttyS0 at I/O 0x3f8 (irq = 4, base_baud = 115200) is a 16550A
[   16.417682] Linux agpgart interface v0.103
[   16.487501] loop: module loaded
[   16.525928] scsi host0: ata_piix
[   16.555961] scsi host1: ata_piix
[   16.582257] ata1: PATA max UDMA/33 cmd 0x1f0 ctl 0x3f6 bmdma 0xd000 irq 14
[   16.583350] ata2: PATA max UDMA/33 cmd 0x170 ctl 0x376 bmdma 0xd008 irq 15
[   16.643885] libphy: Fixed MDIO Bus: probed
[   16.660518] tun: Universal TUN/TAP device driver, 1.6
[   16.663048] tun: (C) 1999-2004 Max Krasnyansky <maxk@qualcomm.com>
[   16.672120] PPP generic driver version 2.4.2
[   16.680719] ehci_hcd: USB 2.0 'Enhanced' Host Controller (EHCI) Driver
[   16.695462] ehci-pci: EHCI PCI platform driver
[   16.734959] ehci-platform: EHCI generic platform driver
[   16.762641] ohci_hcd: USB 1.1 'Open' Host Controller (OHCI) Driver
[   16.766751] ohci-pci: OHCI PCI platform driver
[   16.807997] ohci-platform: OHCI generic platform driver
[   16.845099] uhci_hcd: USB Universal Host Controller Interface driver
[   16.850443] i8042: PNP: PS/2 Controller [PNP0303:PS2K,PNP0f03:PS2M] at 0x60,0x64 irq 1,12
[   16.970056] serio: i8042 KBD port at 0x60,0x64 irq 1
[   17.095678] serio: i8042 AUX port at 0x60,0x64 irq 12
[   17.236879] mousedev: PS/2 mouse device common for all mice
[   17.330550] input: AT Translated Set 2 keyboard as /devices/platform/i8042/serio0/input/input2
[   17.377929] rtc_cmos rtc_cmos: rtc core: registered rtc_cmos as rtc0
[   17.452834] rtc_cmos rtc_cmos: alarms up to one day, 114 bytes nvram
[   17.472624] i2c /dev entries driver
[   17.478110] device-mapper: uevent: version 1.0.3
[   17.495853] device-mapper: ioctl: 4.34.0-ioctl (2015-10-28) initialised: dm-devel@redhat.com
[   17.509359] ledtrig-cpu: registered to indicate activity on CPUs
[   17.513343] NET: Registered protocol family 10
[   17.515753] NET: Registered protocol family 17
[   17.518506] Key type dns_resolver registered
[   17.543260] registered taskstats version 1
[   17.560059] Loading compiled-in X.509 certificates
[   17.563284] Loaded X.509 cert 'Build time autogenerated kernel key: f854e06633b5f496ced5b2e02c7b14f761b69302'
[   17.615588] zswap: loaded using pool lzo/zbud
[   17.627149] Key type trusted registered
[   17.691184] Key type encrypted registered
[   17.720828] AppArmor: AppArmor sha1 policy hashing enabled
[   17.723216] ima: No TPM chip found, activating TPM-bypass!
[   17.740661] evm: HMAC attrs: 0x1
[   17.749051]   Magic number: 14:364:165
[   17.773928] rtc_cmos rtc_cmos: setting system clock to 2018-04-15 06:10:34 UTC (1523772634)
[   17.870054] BIOS EDD facility v0.16 2004-Jun-25, 0 devices found
[   17.876470] EDD information not available.
[   17.954097] Freeing unused kernel memory: 1508K
[   18.050511] Write protecting the kernel read-only data: 14336k
[   18.115674] Freeing unused kernel memory: 1696K
[   18.199660] Freeing unused kernel memory: 100K
Loading, please [   18.261275] random: systemd-udevd: uninitialized urandom read (16 bytes read, 7 bits of entropy available)
wait...
startin[   18.262130] random: udevadm: uninitialized urandom read (16 bytes read, 7 bits of entropy available)
g version 229
[   18.262155] random: udevadm: uninitialized urandom read (16 bytes read, 7 bits of entropy available)
[   18.275837] random: udevadm: uninitialized urandom read (16 bytes read, 7 bits of entropy available)
[   18.275905] random: udevadm: uninitialized urandom read (16 bytes read, 7 bits of entropy available)
[   18.276137] random: udevadm: uninitialized urandom read (16 bytes read, 7 bits of entropy available)
[   18.276226] random: udevadm: uninitialized urandom read (16 bytes read, 7 bits of entropy available)
[   18.276313] random: udevadm: uninitialized urandom read (16 bytes read, 7 bits of entropy available)
[   18.276405] random: udevadm: uninitialized urandom read (16 bytes read, 7 bits of entropy available)
[   18.276521] random: udevadm: uninitialized urandom read (16 bytes read, 7 bits of entropy available)
[   18.531418] e1000: Intel(R) PRO/1000 Network Driver - version 7.3.21-k8-NAPI
[   18.556143] e1000: Copyright (c) 1999-2006 Intel Corporation.
[   18.573651] Fusion MPT base driver 3.04.20
[   18.583221] Copyright (c) 1999-2008 LSI Corporation
[   18.608492] AVX version of gcm_enc/dec engaged.
[   18.627980] AES CTR mode by8 optimization enabled
[   18.632589] Fusion MPT SPI Host driver 3.04.20
[   18.806545] input: ImExPS/2 Generic Explorer Mouse as /devices/platform/i8042/serio1/input/input4
[   19.020035] e1000 0000:00:03.0 eth0: (PCI:33MHz:32-bit) 02:17:54:81:c3:1e
[   19.036069] e1000 0000:00:03.0 eth0: Intel(R) PRO/1000 Network Connection
[   19.044040] mptbase: ioc0: Initiating bringup
[   19.045142] e1000 0000:00:03.0 enp0s3: renamed from eth0
[   19.125397] ioc0: LSI53C1030 A0: Capabilities={Initiator}
[   19.375214] scsi host2: ioc0: LSI53C1030 A0, FwRev=00000000h, Ports=1, MaxQ=256, IRQ=20
[   19.603184] scsi 2:0:0:0: Direct-Access     VBOX     HARDDISK         1.0  PQ: 0 ANSI: 5
[   19.815198] scsi target2:0:0: Beginning Domain Validation
[   19.846048] scsi target2:0:0: Domain Validation skipping write tests
[   19.954294] scsi target2:0:0: Ending Domain Validation
[   19.994812] scsi target2:0:0: asynchronous
[   20.039751] scsi 2:0:1:0: Direct-Access     VBOX     HARDDISK         1.0  PQ: 0 ANSI: 5
[   20.063983] scsi target2:0:1: Beginning Domain Validation
[   20.138384] scsi target2:0:1: Domain Validation skipping write tests
[   20.233941] scsi target2:0:1: Ending Domain Validation
[   20.260029] scsi target2:0:1: asynchronous
[   20.378742] sd 2:0:0:0: [sda] 20971520 512-byte logical blocks: (10.7 GB/10.0 GiB)
[   20.378856] sd 2:0:0:0: Attached scsi generic sg0 type 0
[   20.379468] sd 2:0:1:0: Attached scsi generic sg1 type 0
[   20.381306] sd 2:0:1:0: [sdb] 20480 512-byte logical blocks: (10.5 MB/10.0 MiB)
[   20.381425] sd 2:0:1:0: [sdb] Write Protect is off
[   20.381499] sd 2:0:1:0: [sdb] Incomplete mode parameter data
[   20.381500] sd 2:0:1:0: [sdb] Assuming drive cache: write through
[   20.476287] sd 2:0:0:0: [sda] Write Protect is off
[   20.503859] sd 2:0:0:0: [sda] Incomplete mode parameter data
[   20.514574] sd 2:0:0:0: [sda] Assuming drive cache: write through
[   20.648223]  sda: sda1
[   20.649463] sd 2:0:1:0: [sdb] Attached SCSI disk
[   20.669877] sd 2:0:0:0: [sda] Attached SCSI disk
[   21.634415] floppy0: no floppy controllers found
Begin: Loading e[   23.157826] md: linear personality registered for level -1
ssential drivers[   23.318717] md: multipath personality registered for level -4
 ... [   23.371074] md: raid0 personality registered for level 0
[   23.380016] md: raid1 personality registered for level 1
[   23.493187] raid6: sse2x1   gen()  8225 MB/s
[   23.565188] raid6: sse2x1   xor()  5062 MB/s
[   23.676916] raid6: sse2x2   gen()  9554 MB/s
[   23.761203] raid6: sse2x2   xor()  6974 MB/s
[   23.865097] raid6: sse2x4   gen() 12092 MB/s
[   23.952897] raid6: sse2x4   xor()  7978 MB/s
[   23.983115] raid6: using algorithm sse2x4 gen() 12092 MB/s
[   23.984189] raid6: .... xor() 7978 MB/s, rmw enabled
[   23.987169] raid6: using ssse3x2 recovery algorithm
[   23.993382] xor: automatically using best checksumming function:
[   24.120976]    avx       : 16848.000 MB/sec
[   24.216582] async_tx: api initialized (async)
[   24.286740] md: raid6 personality registered for level 6
[   24.339926] md: raid5 personality registered for level 5
[   24.342292] md: raid4 personality registered for level 4
[   24.404522] md: raid10 personality registered for level 10
done.
Begin: Running /scripts/init-premount ... done.
Begin: Mounting root file system ... Begin: Running /scripts/local-top ... done.
Begin: Running /scripts/local-premount ... [   24.460167] Btrfs loaded
Scanning for Btrfs filesystems
done.
Warning: fsck not present, so sk[   25.003853] EXT4-fs (sda1): INFO: recovery required on readonly filesystem
ipping root file[   25.058436] EXT4-fs (sda1): write access will be enabled during recovery
 system
[   25.386498] random: nonblocking pool is initialized
[   25.535632] EXT4-fs (sda1): recovery complete
[   25.555757] EXT4-fs (sda1): mounted filesystem with ordered data mode. Opts: (null)
done.
Begin: Running /scripts/local-bottom ... done.
Begin: Running /scripts/init-bottom ... done.
[   26.356232] systemd[1]: systemd 229 running in system mode. (+PAM +AUDIT +SELINUX +IMA +APPARMOR +SMACK +SYSVINIT +UTMP +LIBCRYPTSETUP +GCRYPT +GNUTLS +ACL +XZ -LZ4 +SECCOMP +BLKID +ELFUTILS +KMOD -IDN)
[   26.408735] systemd[1]: Detected virtualization oracle.
[   26.412245] systemd[1]: Detected architecture x86-64.

Welcome to [1mUbuntu 16.04.4 LTS[0m!

[   26.513364] systemd[1]: Set hostname to <ubuntu-xenial>.
[   27.107206] systemd[1]: Listening on udev Kernel Socket.
[[0;32m  OK  [0m] Listening on udev Kernel Socket.
[   27.157239] systemd[1]: Started Trigger resolvconf update for networkd DNS.
[[0;32m  OK  [0m] Started Trigger resolvconf update for networkd DNS.
[   27.257146] systemd[1]: Reached target Encrypted Volumes.
[[0;32m  OK  [0m] Reached target Encrypted Volumes.
[   27.327025] systemd[1]: Set up automount Arbitrary Executable File Formats File System Automount Point.
[[0;32m  OK  [0m] Set up automount Arbitrary Executab...ats File System Automount Point.
[   27.469902] systemd[1]: Reached target User and Group Name Lookups.
[[0;32m  OK  [0m] Reached target User and Group Name Lookups.
[   27.533468] systemd[1]: Listening on /dev/initctl Compatibility Named Pipe.
[[0;32m  OK  [0m] Listening on /dev/initctl Compatibility Named Pipe.
[   27.675242] systemd[1]: Listening on udev Control Socket.
[[0;32m  OK  [0m] Listening on udev Control Socket.
[   27.719354] systemd[1]: Listening on Syslog Socket.
[[0;32m  OK  [0m] Listening on Syslog Socket.
[   27.738424] systemd[1]: Listening on LVM2 poll daemon socket.
[[0;32m  OK  [0m] Listening on LVM2 poll daemon socket.
[   27.766903] systemd[1]: Reached target System Time Synchronized.
[[0;32m  OK  [0m] Reached target System Time Synchronized.
[   27.839808] systemd[1]: Listening on Journal Socket (/dev/log).
[[0;32m  OK  [0m] Listening on Journal Socket (/dev/log).
[   27.906078] systemd[1]: Reached target Swap.
[[0;32m  OK  [0m] Reached target Swap.
[   27.969328] systemd[1]: Listening on Device-mapper event daemon FIFOs.
[[0;32m  OK  [0m] Listening on Device-mapper event daemon FIFOs.
[   28.173273] systemd[1]: Listening on Journal Audit Socket.
[[0;32m  OK  [0m] Listening on Journal Audit Socket.
[   28.313705] systemd[1]: Created slice User and Session Slice.
[[0;32m  OK  [0m] Created slice User and Session Slice.
[   28.517638] systemd[1]: Listening on Journal Socket.
[[0;32m  OK  [0m] Listening on Journal Socket.
[   28.621960] systemd[1]: Created slice System Slice.
[[0;32m  OK  [0m] Created slice System Slice.
[   28.662203] systemd[1]: Mounting POSIX Message Queue File System...
         Mounting POSIX Message Queue File System...
[   28.853468] systemd[1]: Starting Remount Root and Kernel File Systems...
         Starting Remount Root and Kernel File Systems...
[   28.918123] systemd[1]: Starting Nameserver information manager...
         [   28.944028] EXT4-fs (sda1): re-mounted. Opts: (null)
Starting Nameserver information manager...
[   28.985499] systemd[1]: Reached target Slices.
[[0;32m  OK  [0m] Reached target Slices.
[   29.001418] systemd[1]: Created slice system-serial\x2dgetty.slice.
[[0;32m  OK  [0m] Created slice system-serial\x2dgetty.slice.
[   29.019299] systemd[1]: Starting Create list of required static device nodes for the current kernel...
         Starting Create list of required st... nodes for the current kernel...
[   29.117274] systemd[1]: Starting Set console keymap...
         Starting Set console keymap...
[   29.273522] systemd[1]: Starting Load Kernel Modules...
         Starting Load Kernel Modules...
[   29.307916] systemd[1]: Starting Journal Service...
         Starting Journal Service...
[   29.331599] systemd[1]: Starting Uncomplicated firewall...
         [   29.393863] Loading iSCSI transport class v2.0-870.
Starting Uncomplicated firewall...
[   29.449656] iscsi: registered transport (tcp)
[   29.461646] systemd[1]: Listening on LVM2 metadata daemon socket.
[[0;32m  OK  [0m] Listening on LVM2 metadata daemon socket.
[   29.525058] systemd[1]: Mounting Huge Pages File System...
         Mounting Huge Pages File System...
[   29.585183] systemd[1]: Starting Monitoring of LVM2 mirrors, snapshots etc. using dmeventd or progress polling...
         Startin[   29.657357] iscsi: registered transport (iser)
g Monitoring of LVM2 mirrors... dmeventd or progress polling...
[   29.742670] systemd[1]: Started Forward Password Requests to Wall Directory Watch.
[[0;32m  OK  [0m] Started Forward Password Requests to Wall Directory Watch.
[   29.802774] systemd[1]: Mounting Debug File System...
         Mounting Debug File System...
[   29.843483] systemd[1]: Mounted Huge Pages File System.
[[0;32m  OK  [0m] Mounted Huge Pages File System.
[   29.893884] systemd[1]: Mounted Debug File System.
[[0;32m  OK  [0m] Mounted Debug File System.
[   29.989364] systemd[1]: Mounted POSIX Message Queue File System.
[[0;32m  OK  [0m] Mounted POSIX Message Queue File System.
[   30.105695] systemd[1]: Started Journal Service.
[[0;32m  OK  [0m] Started Journal Service.
[[0;32m  OK  [0m] Started Remount Root and Kernel File Systems.
[[0;32m  OK  [0m] Started Create list of required sta...ce nodes for the current kernel.
[[0;32m  OK  [0m] Started Set console keymap.
[[0;32m  OK  [0m] Started Load Kernel Modules.
[[0;32m  OK  [0m] Started Uncomplicated firewall.
[[0;32m  OK  [0m] Started Nameserver information manager.
[[0;32m  OK  [0m] Started LVM2 metadata daemon.
         Starting Apply Kernel Variables...
         Mounting FUSE Control File System...
         Starting Create Static Device Nodes in /dev...
         Starting Initial cloud-init job (pre-networking)...
         Starting Load/Save Random Seed...
         Starting udev Coldplug all Devices...
         Starting Flush Journal to Persistent Storage...
[[0;32m  OK  [0m] Mounted FUSE Control File System.
[[0;32m  OK  [0m] Started Monitoring of LVM2 mirrors,...ng dmeventd or progress polling.
[[0;32m  OK  [0m] Started Apply Kernel Variables.
[[0;32m  OK  [0m] Started Load/Save Random Seed.
[[0;32m  OK  [0m] Started Create Static Device Nodes in /dev.
[[0;32m  OK  [0m] Started udev Coldplug all Devices.
         Starting udev Kernel Device Manager...
[[0;32m  OK  [0m] Started Flush Journal to Persistent Storage.
[[0;32m  OK  [0m] Started udev Kernel Device Manager.
[[0;32m  OK  [0m] Started Dispatch Password Requests to Console Directory Watch.
[[0;32m  OK  [0m] Reached target Local File Systems (Pre).
[[0;32m  OK  [0m] Reached target Local File Systems.
         Starting Create Volatile Files and Directories...
         Starting Tell Plymouth To Write Out Runtime Data...
         Starting Set console font and keymap...
         Starting LSB: AppArmor initialization...
[[0;32m  OK  [0m] Found device /dev/ttyS0.
[[0;32m  OK  [0m] Started Tell Plymouth To Write Out Runtime Data.
[[0;32m  OK  [0m] Started Create Volatile Files and Directories.
         Starting Update UTMP about System Boot/Shutdown...
[[0;32m  OK  [0m] Found device 82540EM Gigabit Ethern...r (PRO/1000 MT Desktop Adapter).
[[0;32m  OK  [0m] Started Update UTMP about System Boot/Shutdown.
[[0;32m  OK  [0m] Started Set console font and keymap.
[[0;32m  OK  [0m] Created slice system-getty.slice.
[[0;32m  OK  [0m] Listening on Load/Save RF Kill Switch Status /dev/rfkill Watch.
[[0;32m  OK  [0m] Started LSB: AppArmor initialization.
[   23.947193] cloud-init[443]: Cloud-init v. 17.2 running 'init-local' at Sun, 15 Apr 2018 06:10:51 +0000. Up 23.12 seconds.
[[0;32m  OK  [0m] Started Initial cloud-init job (pre-networking).
[[0;32m  OK  [0m] Reached target Network (Pre).
[[0;32m  OK  [0m] Started ifup for enp0s3.
         Starting Raise network interfaces...
[[0;32m  OK  [0m] Started Raise network interfaces.
         Starting Initial cloud-init job (metadata service crawler)...
[[0;32m  OK  [0m] Reached target Network.
[   26.287072] cloud-init[976]: Cloud-init v. 17.2 running 'init' at Sun, 15 Apr 2018 06:10:53 +0000. Up 25.08 seconds.
[[0;32m  OK  [0m] Started Initial cloud-init job (metadata service crawler).
[   26.423126] cloud-init[976]: ci-info: +++++++++++++++++++++++++++++++++++++Net device info++++++++++++++++++++++++++++++++++++++
[   26.620564] cloud-init[976]: ci-info: +--------+------+----------------------------+---------------+-------+-------------------+
[   26.756886] cloud-init[976]: ci-info: | Device |  Up  |          Address           |      Mask     | Scope |     Hw-Address    |
[[0;32m  OK  [0m] Reached target Network is Online.
[   26.906938] cloud-init[976]: ci-info: +--------+------+----------------------------+---------------+-------+-------------------+
         Starting iSCSI initiator daemon (iscsid)...
[[0;32m  OK  [0m] Reached target System Initialization.
[[0;32m  OK  [0m] Listening on D-Bus System Message Bus Socket.
[   27.106942] cloud-init[976]: ci-info: | enp0s3 | True |         10.0.2.15          | 255.255.255.0 |   .   | 02:17:54:81:c3:1e |
[   27.360689]          cloud-initStarting LXD - unix socket.[976]: 
ci-info: | enp0s3 | True | fe80::17:54ff:fe81:c31e/64 |       .       |  link | 02:17:54:81:c3:1e |
[   27.396295] [cloud-init[0;32m  OK  [0m[976]: ] ci-info: |   lo   | True |         127.0.0.1          |   255.0.0.0   |   .   |         .         |Listening on UUID daemon activation socket.

[   27.396822] cloud-init[976]: ci-info: |   lo   | True |          ::1/128           |       .       |  host |         .         |
[   27.537383] [cloud-init[0;32m  OK  [0m[976]: ] ci-info: +--------+------+----------------------------+---------------+-------+-------------------+Started Daily apt download activities.

[   27.537914] cloud-init[976]: ci-info: +++++++++++++++++++++++++++Route IPv4 info++++++++++++++++++++++++++++
[[0;32m  OK  [0m] Started Daily Cleanup of Temporary Directories.
[   27.777565] cloud-init[976]: ci-info: +-------+-------------+----------+---------------+-----------+-------+
[[0;32m  OK  [0m] Started Timer to automatically refresh installed snaps.
[   27.780373]          cloud-initStarting Docker Socket for the API.[976]: 
ci-info: | Route | Destination | Gateway  |    Genmask    | Interface | Flags |
[   27.899042]          cloud-initStarting Socket activation for snappy daemon.[976]: 
ci-info: +-------+-------------+----------+---------------+-----------+-------+
[   28.032307] cloud-init[976]: ci-info: |   0   |   0.0.0.0   | 10.0.2.2 |    0.0.0.0    |   enp0s3  |   UG  |
[   28.087637] [cloud-init[0;32m  OK  [0m[976]: ] ci-info: |   1   |   10.0.2.0  | 0.0.0.0  | 255.255.255.0 |   enp0s3  |   U   |Started Daily apt upgrade and clean activities.

[   28.088113] [cloud-init[0;32m  OK  [0m[976]: ] ci-info: +-------+-------------+----------+---------------+-----------+-------+Reached target Timers.

[[0;32m  OK  [0m] Listening on ACPID Listen Socket.
[[0;32m  OK  [0m] Started ACPI Events Check.
[[0;32m  OK  [0m] Reached target Paths.
[[0;32m  OK  [0m] Reached target Cloud-config availability.
[[0;32m  OK  [0m] Listening on LXD - unix socket.
[[0;32m  OK  [0m] Listening on Docker Socket for the API.
[[0;32m  OK  [0m] Listening on Socket activation for snappy daemon.
[[0;32m  OK  [0m] Reached target Sockets.
[[0;32m  OK  [0m] Reached target Basic System.
         Starting /etc/rc.local Compatibility...
         Starting OpenBSD Secure Shell server...
         Starting System Logging Service...
         Starting LXD - container startup/shutdown...
         Starting Apply the settings specified in cloud-config...
         Starting Virtualbox guest utils...
         Starting Login Service...
[[0;32m  OK  [0m] Started Regular background program processing daemon.
         Starting LSB: MD monitoring daemon...
[[0;32m  OK  [0m] Started FUSE filesystem for LXC.
         Starting LSB: Record successful boot for GRUB...
[[0;32m  OK  [0m] Started ACPI event daemon.
         Starting Snappy daemon...
[[0;32m  OK  [0m] Started D-Bus System Message Bus.
[   30.323364] cloud-init[1044]: Cloud-init v. 17.2 running 'modules:config' at Sun, 15 Apr 2018 06:10:58 +0000. Up 29.84 seconds.
         Starting Docker Application Container Engine...
         Starting Accounts Service...
[[0;32m  OK  [0m] Started Deferred execution scheduler.
[[0;32m  OK  [0m] Started Unattended Upgrades Shutdown.
[[0;32m  OK  [0m] Started System Logging Service.
[[0;32m  OK  [0m] Started OpenBSD Secure Shell server.
[[0;32m  OK  [0m] Started iSCSI initiator daemon (iscsid).
[[0;32m  OK  [0m] Started /etc/rc.local Compatibility.
[[0;32m  OK  [0m] Started Apply the settings specified in cloud-config.
         Starting Login to default iSCSI targets...
[[0;32m  OK  [0m] Started Login Service.
[[0;32m  OK  [0m] Started LSB: MD monitoring daemon.
[[0;32m  OK  [0m] Started LSB: Record successful boot for GRUB.
[[0;32m  OK  [0m] Started Login to default iSCSI targets.
[[0;32m  OK  [0m] Reached target Remote File Systems (Pre).
[[0;32m  OK  [0m] Reached target Remote File Systems.
         Starting Permit User Sessions...
         Starting LSB: automatic crash report generation...
         Starting LSB: Set the CPU Frequency Scaling governor to "ondemand"...
         Starting LSB: daemon to balance interrupts for SMP systems...
[[0;32m  OK  [0m] Started Permit User Sessions.
         Starting Authenticate and Authorize Users to Run Privileged Tasks...
         Starting Terminate Plymouth Boot Screen...
         Starting Hold until boot process finishes up...
[[0;32m  OK  [0m] Started LSB: automatic crash report generation.
[[0;32m  OK  [0m] Started LSB: Set the CPU Frequency Scaling governor to "ondemand".
[[0;32m  OK  [0m] Started Virtualbox guest utils.
[[0;32m  OK  [0m] Started LSB: daemon to balance interrupts for SMP systems.
[[0;32m  OK  [0m] Started Terminate Plymouth Boot Screen.
[[0;32m  OK  [0m] Started Hold until boot process finishes up.
[[0;32m  OK  [0m] Started Serial Getty on ttyS0.
[[0;32m  OK  [0m] Started Getty on tty1.
[[0;32m  OK  [0m] Reached target Login Prompts.
         Starting Set console scheme...
[[0;32m  OK  [0m] Started LXD - container startup/shutdown.
[[0;32m  OK  [0m] Started Authenticate and Authorize Users to Run Privileged Tasks.
[[0;32m  OK  [0m] Started Set console scheme.
[[0;32m  OK  [0m] Started Accounts Service.
[[0;32m  OK  [0m] Started Snappy daemon.
[[0;32m  OK  [0m] Created slice User Slice of vagrant.
         Starting User Manager for UID 1000...
[[0;32m  OK  [0m] Started Session 1 of user vagrant.
[[0;32m  OK  [0m] Started User Manager for UID 1000.

Ubuntu 16.04.4 LTS ubuntu-xenial ttyS0

ubuntu-xenial login: [   40.675481] cloud-init[1595]: Cloud-init v. 17.2 running 'modules:final' at Sun, 15 Apr 2018 06:11:07 +0000. Up 39.00 seconds.
[   40.675959] cloud-init[1595]: Cloud-init v. 17.2 finished at Sun, 15 Apr 2018 06:11:09 +0000. Datasource DataSourceNoCloud [seed=/dev/sdb][dsmode=net].  Up 40.66 seconds
